<?xml version="1.0" encoding="UTF-8"?>
<!-- Generated by org.testng.reporters.JUnitReportReporter -->
<testsuite hostname="MYSHEC114951L" name="com.automation.enigineer.screens.AppEbayLogin" tests="2" failures="0" timestamp="29 May 2018 08:23:32 GMT" time="65.555" errors="0">
  <testcase name="login" time="20.878" classname="com.automation.enigineer.screens.AppEbayLogin"/>
  <testcase name="loginToApp" time="44.677" classname="com.automation.enigineer.screens.AppEbayLogin"/>
</testsuite> <!-- com.automation.enigineer.screens.AppEbayLogin -->
